MACRO ASSEMBLER LCD                                        10/21/14 02:39:27 PAGE     1


DOS MACRO ASSEMBLER MA51 V06.16.13.326
OBJECT MODULE PLACED IN C:\PROJECTS\MICROCONTROLADORES\SRC\LCD.OBJ
ASSEMBLER INVOKED BY: QUIET GENERATEDEPFILE EP SYNTAX(ASM51) PR XR PL(60) PW(80) DB OJ(C:\PROJECTS\MICROCONTROLADORES\SRC\LCD.OBJ) PIN(C:\RAISONANCE\RIDE\INC;C:\RAISONANCE\RIDE\INC\51) 

LOC     OBJ           LINE    SOURCE
                         1     ;Definição das portas a serrem utilizadas pelo LCD
                         2     LCD_CE    SET P1.6 ;Chip enabled

*** ERROR #21 IN LINE 2 OF C:\Projects\microcontroladores\src\LCD.asm : INVALID SIMPLE RELOCATABLE EXPRESSION
                         3     LCD_RESET SET P1.5 ;Reset

*** ERROR #21 IN LINE 3 OF C:\Projects\microcontroladores\src\LCD.asm : INVALID SIMPLE RELOCATABLE EXPRESSION
                         4     LCD_DC    SET P1.7 ;Data Comando

*** ERROR #21 IN LINE 4 OF C:\Projects\microcontroladores\src\LCD.asm : INVALID SIMPLE RELOCATABLE EXPRESSION
                         5     LCD_CLK   SET P3.1 ;Clock

*** ERROR #21 IN LINE 5 OF C:\Projects\microcontroladores\src\LCD.asm : INVALID SIMPLE RELOCATABLE EXPRESSION
                         6     LCD_DIN   SET P3.0 ;Data in

*** ERROR #21 IN LINE 6 OF C:\Projects\microcontroladores\src\LCD.asm : INVALID SIMPLE RELOCATABLE EXPRESSION
                         7     
------                   8     CODE ;ROTINA para inicialização do LCD, deve ser chamada por um CALL
                         9     LCD_INIT: 
                        10     
0000    D200     F      11         SETB LCD_CE    ;Set Chip Enabled

*** ERROR #46 IN LINE 11 OF C:\Projects\microcontroladores\src\LCD.asm : UNDEFINED SYMBOL (PASS-2) 'LCD_CE'
0002    D200     F      12         SETB LCD_RESET ;RESET

*** ERROR #46 IN LINE 12 OF C:\Projects\microcontroladores\src\LCD.asm : UNDEFINED SYMBOL (PASS-2) 'LCD_RESET'
0004    C200     F      13         CLR LCD_RESET

*** ERROR #46 IN LINE 13 OF C:\Projects\microcontroladores\src\LCD.asm : UNDEFINED SYMBOL (PASS-2) 'LCD_RESET'
0006    120000   F      14         LCALL BIG_DELAY
0009    D200     F      15         SETB LCD_RESET ;RESET

*** ERROR #46 IN LINE 15 OF C:\Projects\microcontroladores\src\LCD.asm : UNDEFINED SYMBOL (PASS-2) 'LCD_RESET'
                        16         
                        17         ;Rotina de inicialização
                        18         USING 2 ;Muda para o banco do display
000B    7821            19         MOV R0, #021H ; Coloca 021h no parametro da função
000D    120000   F      20         LCALL LCD_SEND_COMMAND
0010    22              21         RET
                        22     
------                  23     CODE ;Desenha um byte na tela
                        24     LCD_DRAW: 
0011    22              25         RET
                        26     
------                  27     CODE
                        28     LCD_SEND_SERIAL_DATA: 
                        29         LCD_SEND_SERIAL_DATA_INTERNAL_LOOP: 
0012    D200     F      30             SETB LCD_CLK ;Clock para nivel alto

*** ERROR #46 IN LINE 30 OF C:\Projects\microcontroladores\src\LCD.asm : UNDEFINED SYMBOL (PASS-2) 'LCD_CLK'
0014    201700   F      31             JB 17H, LCD_SEND_SERIAL_DATA_NOT_ZERO
0017    C200     F      32                 CLR LCD_DIN

*** ERROR #46 IN LINE 32 OF C:\Projects\microcontroladores\src\LCD.asm : UNDEFINED SYMBOL (PASS-2) 'LCD_DIN'
0019    8000     F      33                 SJMP LCD_SERIAL_END_IF
                        34             LCD_SEND_SERIAL_DATA_NOT_ZERO: 
001B    D200     F      35                 SETB LCD_DIN

*** ERROR #46 IN LINE 35 OF C:\Projects\microcontroladores\src\LCD.asm : UNDEFINED SYMBOL (PASS-2) 'LCD_DIN'
                        36             LCD_SERIAL_END_IF: 
001D    C217            37             CLR 017H ;Limpa o valor daquela posição.
001F    E8              38             MOV A, R0 ; Coloca R0 em A
0020    03              39             RR A
0021    F8              40             MOV R0, A
0022    7000     F      41             JNZ LCD_SEND_SERIAL_DATA_INTERNAL_LOOP
0024    22              42         RET
                        43     
------                  44     CODE
                        45     LCD_SEND_COMMAND: 
                        46     ; Registrador R0 deve conter o comando a ser enviado
0025    C000     F      47         PUSH ACC ;Acumulador para pilha

*** ERROR #46 IN LINE 47 OF C:\Projects\microcontroladores\src\LCD.asm : UNDEFINED SYMBOL (PASS-2) 'ACC'
0027    C000     F      48         PUSH PSW ;Guardar a infromação do banco de registradores que está sendo utilizado

*** ERROR #46 IN LINE 48 OF C:\Projects\microcontroladores\src\LCD.asm : UNDEFINED SYMBOL (PASS-2) 'PSW'
                        49         ;Utilizar página 2 para operações com o LCD(timer do jogo)
                        50         USING 2
MACRO ASSEMBLER LCD                              10/21/14  02:39:27 PAGE     2
                     
0029    C200     F      51         CLR LCD_CE ;Ativa o display

*** ERROR #46 IN LINE 51 OF C:\Projects\microcontroladores\src\LCD.asm : UNDEFINED SYMBOL (PASS-2) 'LCD_CE'
002B    C200     F      52         CLR LCD_DC ;Modo comando

*** ERROR #46 IN LINE 52 OF C:\Projects\microcontroladores\src\LCD.asm : UNDEFINED SYMBOL (PASS-2) 'LCD_DC'
002D    120000   F      53         LCALL LCD_SEND_SERIAL_DATA
0030    D200     F      54         SETB LCD_CE ;Desativa o display

*** ERROR #46 IN LINE 54 OF C:\Projects\microcontroladores\src\LCD.asm : UNDEFINED SYMBOL (PASS-2) 'LCD_CE'
                        55         ;Volta os registradores PSW e ACC respectivamente
0032    D000     F      56         POP PSW

*** ERROR #46 IN LINE 56 OF C:\Projects\microcontroladores\src\LCD.asm : UNDEFINED SYMBOL (PASS-2) 'PSW'
0034    D000     F      57         POP ACC

*** ERROR #46 IN LINE 57 OF C:\Projects\microcontroladores\src\LCD.asm : UNDEFINED SYMBOL (PASS-2) 'ACC'
0036    22              58         RET
                        59     
                        60     LCD_SEND_DATA: 
                        61     ; Registrador R0 deve conter o dado a ser enviado
0037    C000     F      62         PUSH ACC ;Acumulador para pilha

*** ERROR #46 IN LINE 62 OF C:\Projects\microcontroladores\src\LCD.asm : UNDEFINED SYMBOL (PASS-2) 'ACC'
0039    C000     F      63         PUSH PSW ;Guardar a infromação do banco de registradores que está sendo utilizado

*** ERROR #46 IN LINE 63 OF C:\Projects\microcontroladores\src\LCD.asm : UNDEFINED SYMBOL (PASS-2) 'PSW'
                        64         ;Utilizar página 2 para operações com o LCD(timer do jogo)
                        65         USING 2
003B    C200     F      66         CLR LCD_CE ;Ativa o display

*** ERROR #46 IN LINE 66 OF C:\Projects\microcontroladores\src\LCD.asm : UNDEFINED SYMBOL (PASS-2) 'LCD_CE'
003D    D200     F      67         SETB LCD_DC ;Modo Dados

*** ERROR #46 IN LINE 67 OF C:\Projects\microcontroladores\src\LCD.asm : UNDEFINED SYMBOL (PASS-2) 'LCD_DC'
                        68         ;Envia os dados
003F    D200     F      69         SETB LCD_CE ;Ativa o display

*** ERROR #46 IN LINE 69 OF C:\Projects\microcontroladores\src\LCD.asm : UNDEFINED SYMBOL (PASS-2) 'LCD_CE'
                        70         ;Volta os registradores PSW e ACC respectivamente
0041    D000     F      71         POP PSW

*** ERROR #46 IN LINE 71 OF C:\Projects\microcontroladores\src\LCD.asm : UNDEFINED SYMBOL (PASS-2) 'PSW'
0043    D000     F      72         POP ACC

*** ERROR #46 IN LINE 72 OF C:\Projects\microcontroladores\src\LCD.asm : UNDEFINED SYMBOL (PASS-2) 'ACC'
0045    22              73         RET
                        74     
------                  75     CODE
                        76     BIG_DELAY: 
0046    7C0A            77             MOV R4, #10D
                        78         INIT_DELAY_3: 
0048    7AFF            79             MOV R2, #255D
                        80         INIT_DELAY_2: 
004A    79FF            81             MOV R1, #255D
                        82         INIT_DELAY:     
004C    D900     F      83             DJNZ R1, INIT_DELAY
004E    DA00     F      84             DJNZ R2, INIT_DELAY_2
0050    DC00     F      85             DJNZ R4, INIT_DELAY_3
0052    22              86         RET

*** WARNING #87 IN LINE 86 OF C:\Projects\microcontroladores\src\LCD.asm : MISSING 'END' STATEMENT
MACRO ASSEMBLER LCD                                        10/21/14 02:39:27 PAGE     0


SYMBOL TABLE LISTING
------ ----- -------


N A M E             T Y P E  V A L U E   ATTRIBUTES             REFERENCES

LCD_DRAW . . . . .  C ADDR   0011H   R  SEG=?PR?LCD             24# 
BIG_DELAY. . . . .  C ADDR   0046H   R  SEG=?PR?LCD             14 76# 
INIT_DELAY . . . .  C ADDR   004CH   R  SEG=?PR?LCD             82# 83 
LCD_SEND_SERIAL_D~  C ADDR   001BH   R  SEG=?PR?LCD             31 34# 
LCD_INIT . . . . .  C ADDR   0000H   R  SEG=?PR?LCD             9# 
ACC. . . . . . . .  ? ADDR   0000H   A                          47 57 62 72 
LCD_SEND_SERIAL_D~  C ADDR   0012H   R  SEG=?PR?LCD             29# 41 
LCD_CLK. . . . . .  ? ADDR   0000H   A                          30 
LCD_DIN. . . . . .  ? ADDR   0000H   A                          32 35 
INIT_DELAY_2 . . .  C ADDR   004AH   R  SEG=?PR?LCD             80# 84 
?PR?LCD. . . . . .  C SEG    0053H      REL=UNIT                8# 23 27 44 75 
INIT_DELAY_3 . . .  C ADDR   0048H   R  SEG=?PR?LCD             78# 85 
LCD_SEND_SERIAL_D~  C ADDR   0012H   R  SEG=?PR?LCD             28# 53 
LCD_SEND_DATA. . .  C ADDR   0037H   R  SEG=?PR?LCD             60# 
LCD_RESET. . . . .  ? ADDR   0000H   A                          12 13 15 
LCD_SERIAL_END_IF.  C ADDR   001DH   R  SEG=?PR?LCD             33 36# 
LCD_DC . . . . . .  ? ADDR   0000H   A                          52 67 
PSW. . . . . . . .  ? ADDR   0000H   A                          48 56 63 71 
LCD_SEND_COMMAND .  C ADDR   0025H   R  SEG=?PR?LCD             20 45# 
LCD_CE . . . . . .  ? ADDR   0000H   A                          11 51 54 66 69 
LCD. . . . . . . .  N NUMB   -----



MODULE INFORMATION:   STATIC OVERLAYABLE
   CODE SIZE        =     83    ----
   XDATA SIZE       =   ----    ----
   DATA SIZE        =   ----    ----
   IDATA SIZE       =   ----    ----
   BIT SIZE         =   ----    ----
END OF MODULE INFORMATION.


REGISTER BANK(S) USED : 0 2 

ASSEMBLY COMPLETE.   1 WARNING(S)  26 ERROR(S)
